584245824206:ENCOLADO ans_efda36cd-6024-42d8-ab3e-67ebf339d4cf
EJECUTANDO:ans_efda36cd-6024-42d8-ab3e-67ebf339d4cf
584245824206:SUCCESS
584245824206:ENCOLADO ans_8bf8764c-2c6d-4269-8cff-86cb37c52498
EJECUTANDO:ans_8bf8764c-2c6d-4269-8cff-86cb37c52498
584245824206:SUCCESS
584245824206:ENCOLADO ans_c5e60abf-b70b-4029-8e6f-4c699b1a6b27
EJECUTANDO:ans_c5e60abf-b70b-4029-8e6f-4c699b1a6b27
584245824206:SUCCESS
584245824206:ENCOLADO ans_efda36cd-6024-42d8-ab3e-67ebf339d4cf
EJECUTANDO:ans_efda36cd-6024-42d8-ab3e-67ebf339d4cf
584245824206:SUCCESS
584245824206:ENCOLADO ans_214d498d-cddd-4281-8ca1-5cae6e9855fa
EJECUTANDO:ans_214d498d-cddd-4281-8ca1-5cae6e9855fa
584245824206:SUCCESS
584245824206:ENCOLADO ans_c5e60abf-b70b-4029-8e6f-4c699b1a6b27
EJECUTANDO:ans_c5e60abf-b70b-4029-8e6f-4c699b1a6b27
584245824206:SUCCESS
584245824206:ENCOLADO ans_efda36cd-6024-42d8-ab3e-67ebf339d4cf
EJECUTANDO:ans_efda36cd-6024-42d8-ab3e-67ebf339d4cf
584245824206:SUCCESS
584245824206:ENCOLADO ans_214d498d-cddd-4281-8ca1-5cae6e9855fa
EJECUTANDO:ans_214d498d-cddd-4281-8ca1-5cae6e9855fa
584245824206:SUCCESS
584245824206:ENCOLADO ans_c5e60abf-b70b-4029-8e6f-4c699b1a6b27
EJECUTANDO:ans_c5e60abf-b70b-4029-8e6f-4c699b1a6b27
584245824206:SUCCESS
584245824206:ENCOLADO ans_efda36cd-6024-42d8-ab3e-67ebf339d4cf
EJECUTANDO:ans_efda36cd-6024-42d8-ab3e-67ebf339d4cf
584245824206:SUCCESS
